Using pre-set license
Built from '2021.3/staging' branch; Version is '2021.3.33f1 (ee5a2aa03ab2) revision 15620650'; Using compiler version '192829333'; Build Type 'Release'
OS: 'Windows 10  (10.0.19045) 64bit Core' Language: 'ru' Physical Memory: 16104 MB
BatchMode: 1, IsHumanControllingUs: 0, StartBugReporterOnCrash: 0, Is64bit: 1, IsPro: 1

COMMAND LINE ARGUMENTS:
C:\Program Files\Unity\Hub\Editor\2021.3.33f1\Editor\Unity.exe
-adb2
-batchMode
-noUpm
-name
AssetImportWorker2
-projectPath
D:/6sem/Pract/AudienceTransformer
-logFile
Logs/AssetImportWorker2.log
-srvPort
55853
Successfully changed project path to: D:/6sem/Pract/AudienceTransformer
D:/6sem/Pract/AudienceTransformer
[UnityMemory] Configuration Parameters - Can be set up in boot.config
    "memorysetup-bucket-allocator-granularity=16"
    "memorysetup-bucket-allocator-bucket-count=8"
    "memorysetup-bucket-allocator-block-size=33554432"
    "memorysetup-bucket-allocator-block-count=8"
    "memorysetup-main-allocator-block-size=16777216"
    "memorysetup-thread-allocator-block-size=16777216"
    "memorysetup-gfx-main-allocator-block-size=16777216"
    "memorysetup-gfx-thread-allocator-block-size=16777216"
    "memorysetup-cache-allocator-block-size=4194304"
    "memorysetup-typetree-allocator-block-size=2097152"
    "memorysetup-profiler-bucket-allocator-granularity=16"
    "memorysetup-profiler-bucket-allocator-bucket-count=8"
    "memorysetup-profiler-bucket-allocator-block-size=33554432"
    "memorysetup-profiler-bucket-allocator-block-count=8"
    "memorysetup-profiler-allocator-block-size=16777216"
    "memorysetup-profiler-editor-allocator-block-size=1048576"
    "memorysetup-temp-allocator-size-main=16777216"
    "memorysetup-job-temp-allocator-block-size=2097152"
    "memorysetup-job-temp-allocator-block-size-background=1048576"
    "memorysetup-job-temp-allocator-reduction-small-platforms=262144"
    "memorysetup-temp-allocator-size-background-worker=32768"
    "memorysetup-temp-allocator-size-job-worker=262144"
    "memorysetup-temp-allocator-size-preload-manager=33554432"
    "memorysetup-temp-allocator-size-nav-mesh-worker=65536"
    "memorysetup-temp-allocator-size-audio-worker=65536"
    "memorysetup-temp-allocator-size-cloud-worker=32768"
    "memorysetup-temp-allocator-size-gi-baking-worker=262144"
    "memorysetup-temp-allocator-size-gfx=262144"
Player connection [7224] Host "[IP] 192.168.0.110 [Port] 0 [Flags] 2 [Guid] 2291410438 [EditorId] 2291410438 [Version] 1048832 [Id] WindowsEditor(7,DESKTOP-IHCAF0C) [Debug] 1 [PackageName] WindowsEditor [ProjectName] Editor" joined multi-casting on [225.0.0.222:54997]...

Player connection [7224] Host "[IP] 192.168.0.110 [Port] 0 [Flags] 2 [Guid] 2291410438 [EditorId] 2291410438 [Version] 1048832 [Id] WindowsEditor(7,DESKTOP-IHCAF0C) [Debug] 1 [PackageName] WindowsEditor [ProjectName] Editor" joined alternative multi-casting on [225.0.0.222:34997]...

[Physics::Module] Initialized MultithreadedJobDispatcher with {0} workers.
Refreshing native plugins compatible for Editor in 85.76 ms, found 3 plugins.
Preloading 0 native plugins for Editor in 0.00 ms.
Initialize engine version: 2021.3.33f1 (ee5a2aa03ab2)
[Subsystems] Discovering subsystems at path C:/Program Files/Unity/Hub/Editor/2021.3.33f1/Editor/Data/Resources/UnitySubsystems
[Subsystems] Discovering subsystems at path D:/6sem/Pract/AudienceTransformer/Assets
GfxDevice: creating device client; threaded=0; jobified=0
Direct3D:
    Version:  Direct3D 11.0 [level 11.1]
    Renderer: NVIDIA GeForce RTX 4050 Laptop GPU (ID=0x28a1)
    Vendor:   NVIDIA
    VRAM:     5921 MB
    Driver:   31.0.15.5123
Initialize mono
Mono path[0] = 'C:/Program Files/Unity/Hub/Editor/2021.3.33f1/Editor/Data/Managed'
Mono path[1] = 'C:/Program Files/Unity/Hub/Editor/2021.3.33f1/Editor/Data/MonoBleedingEdge/lib/mono/unityjit-win32'
Mono config path = 'C:/Program Files/Unity/Hub/Editor/2021.3.33f1/Editor/Data/MonoBleedingEdge/etc'
Using monoOptions --debugger-agent=transport=dt_socket,embedding=1,server=y,suspend=n,address=127.0.0.1:56536
Begin MonoManager ReloadAssembly
Registering precompiled unity dll's ...
Register platform support module: C:/Program Files/Unity/Hub/Editor/2021.3.33f1/Editor/Data/PlaybackEngines/WindowsStandaloneSupport/UnityEditor.WindowsStandalone.Extensions.dll
Registered in 0.009946 seconds.
Native extension for WindowsStandalone target not found
Refreshing native plugins compatible for Editor in 87.25 ms, found 3 plugins.
Preloading 0 native plugins for Editor in 0.00 ms.
Mono: successfully reloaded assembly
- Completed reload, in  0.747 seconds
Domain Reload Profiling:
	ReloadAssembly (748ms)
		BeginReloadAssembly (118ms)
			ExecutionOrderSort (0ms)
			DisableScriptedObjects (0ms)
			BackupInstance (0ms)
			ReleaseScriptingObjects (0ms)
			CreateAndSetChildDomain (1ms)
		EndReloadAssembly (509ms)
			LoadAssemblies (115ms)
			RebuildTransferFunctionScriptingTraits (0ms)
			SetupTypeCache (115ms)
			ReleaseScriptCaches (0ms)
			RebuildScriptCaches (31ms)
			SetupLoadedEditorAssemblies (312ms)
				LogAssemblyErrors (0ms)
				InitializePlatformSupportModulesInManaged (10ms)
				SetLoadedEditorAssemblies (0ms)
				RefreshPlugins (87ms)
				BeforeProcessingInitializeOnLoad (1ms)
				ProcessInitializeOnLoadAttributes (158ms)
				ProcessInitializeOnLoadMethodAttributes (55ms)
				AfterProcessingInitializeOnLoad (0ms)
				EditorAssembliesLoaded (0ms)
			ExecutionOrderSort2 (0ms)
			AwakeInstancesAfterBackupRestoration (0ms)
Platform modules already initialized, skipping
Registering precompiled user dll's ...
Registered in 0.005224 seconds.
Begin MonoManager ReloadAssembly
Native extension for WindowsStandalone target not found
Refreshing native plugins compatible for Editor in 0.47 ms, found 3 plugins.
Preloading 0 native plugins for Editor in 0.00 ms.
Package Manager log level set to [2]
[Package Manager] Server::EnsureServerProcessIsRunning -- launch failed, reason: Unity was launched with the -noUpm command-line argument
[Package Manager] Cannot connect to Unity Package Manager local server
Mono: successfully reloaded assembly
- Completed reload, in  1.547 seconds
Domain Reload Profiling:
	ReloadAssembly (1548ms)
		BeginReloadAssembly (157ms)
			ExecutionOrderSort (0ms)
			DisableScriptedObjects (7ms)
			BackupInstance (0ms)
			ReleaseScriptingObjects (0ms)
			CreateAndSetChildDomain (21ms)
		EndReloadAssembly (1266ms)
			LoadAssemblies (125ms)
			RebuildTransferFunctionScriptingTraits (0ms)
			SetupTypeCache (295ms)
			ReleaseScriptCaches (0ms)
			RebuildScriptCaches (57ms)
			SetupLoadedEditorAssemblies (781ms)
				LogAssemblyErrors (0ms)
				InitializePlatformSupportModulesInManaged (7ms)
				SetLoadedEditorAssemblies (1ms)
				RefreshPlugins (1ms)
				BeforeProcessingInitializeOnLoad (96ms)
				ProcessInitializeOnLoadAttributes (638ms)
				ProcessInitializeOnLoadMethodAttributes (26ms)
				AfterProcessingInitializeOnLoad (13ms)
				EditorAssembliesLoaded (0ms)
			ExecutionOrderSort2 (0ms)
			AwakeInstancesAfterBackupRestoration (8ms)
Platform modules already initialized, skipping
========================================================================
Worker process is ready to serve import requests
Launched and connected shader compiler UnityShaderCompiler.exe after 0.04 seconds
Refreshing native plugins compatible for Editor in 0.50 ms, found 3 plugins.
Preloading 0 native plugins for Editor in 0.00 ms.
Unloading 3075 Unused Serialized files (Serialized files now loaded: 0)
Unloading 23 unused Assets / (46.3 KB). Loaded Objects now: 3539.
Memory consumption went from 108.6 MB to 108.5 MB.
Total: 4.057200 ms (FindLiveObjects: 0.330600 ms CreateObjectMapping: 0.201400 ms MarkObjects: 3.402600 ms  DeleteObjects: 0.120100 ms)

AssetImportParameters requested are different than current active one (requested -> active):
  custom:video-decoder-ogg-theora: a1e56fd34408186e4bbccfd4996cb3dc -> 
  custom:container-muxer-webm: aa71ff27fc2769a1b78a27578f13a17b -> 
  custom:container-demuxer-webm: 4f35f7cbe854078d1ac9338744f61a02 -> 
  custom:video-encoder-webm-vp8: eb34c28f22e8b96e1ab97ce403110664 -> 
  custom:CustomObjectIndexerAttribute: bc11b3a6c3213fcdd17b65e7da85e133 -> 
  custom:audio-encoder-webm-vorbis: bf7c407c2cedff20999df2af8eb42d56 -> 
  custom:framework-win-MediaFoundation: 216162199b28c13a410421893ffa2e32 -> 
  custom:SearchIndexIgnoredProperties: e643bd26f0fe6173181afceb89e7c659 -> 
  custom:container-demuxer-ogg: 62fdf1f143b41e24485cea50d1cbac27 -> 
  custom:video-decoder-webm-vp8: 9c59270c3fd7afecdb556c50c9e8de78 -> 
  custom:audio-decoder-ogg-vorbis: bf7c407c2cedff20999df2af8eb42d56 -> 
========================================================================
Received Import Request.
  Time since last request: 193983.679942 seconds.
  path: Assets/Models/stul.fbx
  artifactKey: Guid(1c684e62ea7f9b5438fce35ce5afe322) Importer(815301076,1909f56bfc062723c751e8b465ee728b)
Number of updated assets reloaded before import = 0
Start importing Assets/Models/stul.fbx using Guid(1c684e62ea7f9b5438fce35ce5afe322) Importer(815301076,1909f56bfc062723c751e8b465ee728b)  -> (artifact id: '4eba08919abc6d78e5eddf059a029af3') in 0.125200 seconds 
Number of asset objects unloaded after import = 9
========================================================================
Received Import Request.
  Time since last request: 0.000028 seconds.
  path: Assets/Models/doska.fbx
  artifactKey: Guid(82fe3721f82ae044bbca638a9267cb6e) Importer(815301076,1909f56bfc062723c751e8b465ee728b)
Number of updated assets reloaded before import = 0
Start importing Assets/Models/doska.fbx using Guid(82fe3721f82ae044bbca638a9267cb6e) Importer(815301076,1909f56bfc062723c751e8b465ee728b)  -> (artifact id: '157980e07dcd7a1c74a67fd72a17f566') in 0.018476 seconds 
Number of asset objects unloaded after import = 9
========================================================================
Received Import Request.
  Time since last request: 0.000018 seconds.
  path: Assets/Models/stol.fbx
  artifactKey: Guid(284bc7eb677fb414da00f0c8ad7e81a7) Importer(815301076,1909f56bfc062723c751e8b465ee728b)
Number of updated assets reloaded before import = 0
Start importing Assets/Models/stol.fbx using Guid(284bc7eb677fb414da00f0c8ad7e81a7) Importer(815301076,1909f56bfc062723c751e8b465ee728b)  -> (artifact id: 'cb8c0515e68aec7ccb583534575e8b32') in 0.013372 seconds 
Number of asset objects unloaded after import = 9
========================================================================
Received Import Request.
  Time since last request: 0.000017 seconds.
  path: Assets/Models/kubik.fbx
  artifactKey: Guid(dc4c2491e360db54cb670d36cc4ffd9c) Importer(815301076,1909f56bfc062723c751e8b465ee728b)
Number of updated assets reloaded before import = 0
Start importing Assets/Models/kubik.fbx using Guid(dc4c2491e360db54cb670d36cc4ffd9c) Importer(815301076,1909f56bfc062723c751e8b465ee728b)  -> (artifact id: '8162393f8d3d1714d4c399eeb1edfcdd') in 0.021539 seconds 
Number of asset objects unloaded after import = 10
========================================================================
Received Import Request.
  Time since last request: 5.521007 seconds.
  path: Assets/Models/postament.fbx
  artifactKey: Guid(a738c680cf2a9b24caa1c2f77ee03cb1) Importer(815301076,1909f56bfc062723c751e8b465ee728b)
Number of updated assets reloaded before import = 0
Start importing Assets/Models/postament.fbx using Guid(a738c680cf2a9b24caa1c2f77ee03cb1) Importer(815301076,1909f56bfc062723c751e8b465ee728b)  -> (artifact id: '828b5095127608c872958ee9ecaa43fe') in 0.042531 seconds 
Number of asset objects unloaded after import = 8
========================================================================
Received Import Request.
  Time since last request: 16.352574 seconds.
  path: Assets/Models/postament.fbx
  artifactKey: Guid(a738c680cf2a9b24caa1c2f77ee03cb1) Importer(815301076,1909f56bfc062723c751e8b465ee728b)
Number of updated assets reloaded before import = 0
Start importing Assets/Models/postament.fbx using Guid(a738c680cf2a9b24caa1c2f77ee03cb1) Importer(815301076,1909f56bfc062723c751e8b465ee728b)  -> (artifact id: 'd50b0d4e2ea9b38f043ec5efbf71e598') in 0.027525 seconds 
Number of asset objects unloaded after import = 8
========================================================================
Received Import Request.
  Time since last request: 8.706519 seconds.
  path: Assets/Textures/1673290029_grizly-club-p-besshovnaya-tekstura-knigi-50.jpg
  artifactKey: Guid(6bea2de34fb857c419de4f5c6e408abb) Importer(815301076,1909f56bfc062723c751e8b465ee728b)
Number of updated assets reloaded before import = 0
Start importing Assets/Textures/1673290029_grizly-club-p-besshovnaya-tekstura-knigi-50.jpg using Guid(6bea2de34fb857c419de4f5c6e408abb) Importer(815301076,1909f56bfc062723c751e8b465ee728b)  -> (artifact id: '12f3c9efd6abe6e8e58a3183b6141689') in 0.077251 seconds 
Number of asset objects unloaded after import = 2
========================================================================
Received Import Request.
  Time since last request: 0.000017 seconds.
  path: Assets/Textures/stul.jpg
  artifactKey: Guid(369ce3ba0c318ef4587f5fb5ec78ffa6) Importer(815301076,1909f56bfc062723c751e8b465ee728b)
Number of updated assets reloaded before import = 0
Start importing Assets/Textures/stul.jpg using Guid(369ce3ba0c318ef4587f5fb5ec78ffa6) Importer(815301076,1909f56bfc062723c751e8b465ee728b)  -> (artifact id: '172af36afd3e21920839630d2881bcba') in 0.053613 seconds 
Number of asset objects unloaded after import = 3
========================================================================
Received Import Request.
  Time since last request: 0.000020 seconds.
  path: Assets/Textures/pol.jpg
  artifactKey: Guid(034d0317318262343a0694011f275089) Importer(815301076,1909f56bfc062723c751e8b465ee728b)
Number of updated assets reloaded before import = 0
Start importing Assets/Textures/pol.jpg using Guid(034d0317318262343a0694011f275089) Importer(815301076,1909f56bfc062723c751e8b465ee728b)  -> (artifact id: 'f549a66ccf9dd073c6320fd1a76befd6') in 0.025265 seconds 
Number of asset objects unloaded after import = 2
========================================================================
Received Import Request.
  Time since last request: 10.018444 seconds.
  path: Assets/Textures/mramor.jpg
  artifactKey: Guid(034a9ac4854aeca4a9442da1453d7858) Importer(815301076,1909f56bfc062723c751e8b465ee728b)
Number of updated assets reloaded before import = 0
Start importing Assets/Textures/mramor.jpg using Guid(034a9ac4854aeca4a9442da1453d7858) Importer(815301076,1909f56bfc062723c751e8b465ee728b)  -> (artifact id: '21896264dd5681ac7f2bbbd4c52f7893') in 0.023155 seconds 
Number of asset objects unloaded after import = 2
========================================================================
Received Import Request.
  Time since last request: 403.195198 seconds.
  path: Assets/Models/postament.fbx
  artifactKey: Guid(a738c680cf2a9b24caa1c2f77ee03cb1) Importer(815301076,1909f56bfc062723c751e8b465ee728b)
Number of updated assets reloaded before import = 0
Start importing Assets/Models/postament.fbx using Guid(a738c680cf2a9b24caa1c2f77ee03cb1) Importer(815301076,1909f56bfc062723c751e8b465ee728b)  -> (artifact id: '1a976f66f717c2e5eb34b0046a7c35e4') in 0.017334 seconds 
Number of asset objects unloaded after import = 9
========================================================================
Received Import Request.
  Time since last request: 80.774006 seconds.
  path: Assets/Materials/1701752390_pictures-pibig-info-p-kubik-iz-bumagi-shablon-pinterest-6.mat
  artifactKey: Guid(246a8ef41eeb8534ba9fa2caf85e1d61) Importer(815301076,1909f56bfc062723c751e8b465ee728b)
Number of updated assets reloaded before import = 0
Start importing Assets/Materials/1701752390_pictures-pibig-info-p-kubik-iz-bumagi-shablon-pinterest-6.mat using Guid(246a8ef41eeb8534ba9fa2caf85e1d61) Importer(815301076,1909f56bfc062723c751e8b465ee728b)  -> (artifact id: '30c60db6dda94f8250996d0f0fe88aad') in 0.034288 seconds 
Number of asset objects unloaded after import = 2
========================================================================
Received Import Request.
  Time since last request: 0.000021 seconds.
  path: Assets/Materials/Material.001 5.mat
  artifactKey: Guid(fb9db4f76beb2b349a81561da91cf7df) Importer(815301076,1909f56bfc062723c751e8b465ee728b)
Number of updated assets reloaded before import = 0
Start importing Assets/Materials/Material.001 5.mat using Guid(fb9db4f76beb2b349a81561da91cf7df) Importer(815301076,1909f56bfc062723c751e8b465ee728b)  -> (artifact id: 'dbe5cbec2bfdde78221011b19e8c8dd4') in 0.014772 seconds 
Number of asset objects unloaded after import = 1
========================================================================
Received Import Request.
  Time since last request: 0.000029 seconds.
  path: Assets/Materials/Material.006.mat
  artifactKey: Guid(fca0f1057436e704a932853181e9a0ed) Importer(815301076,1909f56bfc062723c751e8b465ee728b)
Number of updated assets reloaded before import = 0
Start importing Assets/Materials/Material.006.mat using Guid(fca0f1057436e704a932853181e9a0ed) Importer(815301076,1909f56bfc062723c751e8b465ee728b)  -> (artifact id: '86733dc41612294b85c2dee7dd1d704f') in 0.018203 seconds 
Number of asset objects unloaded after import = 2
========================================================================
Received Import Request.
  Time since last request: 0.000037 seconds.
  path: Assets/Materials/Material.001 3.mat
  artifactKey: Guid(43f635e0d3677d44b9693b8c22dc0900) Importer(815301076,1909f56bfc062723c751e8b465ee728b)
Number of updated assets reloaded before import = 0
Start importing Assets/Materials/Material.001 3.mat using Guid(43f635e0d3677d44b9693b8c22dc0900) Importer(815301076,1909f56bfc062723c751e8b465ee728b)  -> (artifact id: '17e46942d7b32fafe6ca592243fbe54a') in 0.014675 seconds 
Number of asset objects unloaded after import = 1
========================================================================
Received Import Request.
  Time since last request: 0.000023 seconds.
  path: Assets/Materials/Material.001 4.mat
  artifactKey: Guid(2549a69884afa5b44b5e5aea0957e1bf) Importer(815301076,1909f56bfc062723c751e8b465ee728b)
Number of updated assets reloaded before import = 0
Start importing Assets/Materials/Material.001 4.mat using Guid(2549a69884afa5b44b5e5aea0957e1bf) Importer(815301076,1909f56bfc062723c751e8b465ee728b)  -> (artifact id: '20d46202f49f87458e0bd9341154df15') in 0.018204 seconds 
Number of asset objects unloaded after import = 1
========================================================================
Received Import Request.
  Time since last request: 0.000031 seconds.
  path: Assets/Materials/Material 2.mat
  artifactKey: Guid(1cc59bf1b6ca56047912c3570a519260) Importer(815301076,1909f56bfc062723c751e8b465ee728b)
Number of updated assets reloaded before import = 0
Start importing Assets/Materials/Material 2.mat using Guid(1cc59bf1b6ca56047912c3570a519260) Importer(815301076,1909f56bfc062723c751e8b465ee728b)  -> (artifact id: 'bea627d1329e9d807fa49aae691c85e9') in 0.015572 seconds 
Number of asset objects unloaded after import = 1
========================================================================
Received Import Request.
  Time since last request: 0.000046 seconds.
  path: Assets/Materials/Material.002.mat
  artifactKey: Guid(2850bc84020c748479efd3c0a77b53e1) Importer(815301076,1909f56bfc062723c751e8b465ee728b)
Number of updated assets reloaded before import = 0
Start importing Assets/Materials/Material.002.mat using Guid(2850bc84020c748479efd3c0a77b53e1) Importer(815301076,1909f56bfc062723c751e8b465ee728b)  -> (artifact id: 'ee058f9c393e07dc54f6f2594923dd3e') in 0.015225 seconds 
Number of asset objects unloaded after import = 1
========================================================================
Received Import Request.
  Time since last request: 0.000040 seconds.
  path: Assets/Materials/Material 3.mat
  artifactKey: Guid(630849016eeae6f4a800f9c31aa4756f) Importer(815301076,1909f56bfc062723c751e8b465ee728b)
Number of updated assets reloaded before import = 0
Start importing Assets/Materials/Material 3.mat using Guid(630849016eeae6f4a800f9c31aa4756f) Importer(815301076,1909f56bfc062723c751e8b465ee728b)  -> (artifact id: 'd76c116d19fdb39c430486a2a3aac71a') in 0.012747 seconds 
Number of asset objects unloaded after import = 1
========================================================================
Received Import Request.
  Time since last request: 0.000027 seconds.
  path: Assets/Materials/Material.004.mat
  artifactKey: Guid(b9c1769372aac5f419a27e052fb9a55d) Importer(815301076,1909f56bfc062723c751e8b465ee728b)
Number of updated assets reloaded before import = 0
Start importing Assets/Materials/Material.004.mat using Guid(b9c1769372aac5f419a27e052fb9a55d) Importer(815301076,1909f56bfc062723c751e8b465ee728b)  -> (artifact id: '623250cbcce30618d96607020c1993ee') in 0.014151 seconds 
Number of asset objects unloaded after import = 1
========================================================================
Received Import Request.
  Time since last request: 1.641872 seconds.
  path: Assets/Materials
  artifactKey: Guid(176301308c4c0664ebf90b5dda705580) Importer(815301076,1909f56bfc062723c751e8b465ee728b)
Number of updated assets reloaded before import = 0
Start importing Assets/Materials using Guid(176301308c4c0664ebf90b5dda705580) Importer(815301076,1909f56bfc062723c751e8b465ee728b)  -> (artifact id: 'fcea4ce98c7c9e670eb47583c1c795b9') in 0.007705 seconds 
Number of asset objects unloaded after import = 0
Editor requested this worker to shutdown with reason: Scaling down because of idle timeout
AssetImportWorker is now disconnected from the server
Process exiting
Exiting without the bug reporter. Application will terminate with return code 0